 -懒得写日志了，凑合着用完事儿

3.2.2-beta(4)
 -优化了一些函数的逻辑
 -修复已知错误
 -整合函数更为简洁

3.2.2-beta(3)
 -优化了一些函数的逻辑
 -修复已知错误 
 
3.2.2-beta(2)
 -优化了一些函数的逻辑
 -同步修改了文档信息
 -卡片消息暂时解决不了
 -修复了一些大的问题
  · 一些逻辑问题
  · 视频有时发送失败
  · 解析结果消息发送失败
  · 图集解析/发送失败


Meta_3.0.2-beta(4)
 -更新说明文档
 -优化部分函数逻辑
 -添加功能解析卡片链接
  · 激活命令 #解析卡片链接
  · 发送卡片链接将会自动解析
 
 
2.5.3-alpha(2)
 -优化解析结果返回逻辑
 -完善各种弹窗提示功能
 -发送视频功能已恢复
 
 
2.5.2-alpha(8)
 -增加 #更新日志 功能
 -同步完善 #使用方法 功能
 -同步完善悬浮球菜单功能
 -重写部分函数适配QS
 
 
2.5.1-alpha(3)
  -修改脚本运行平台为 QStory
  -因为刚换平台，还不熟悉 API
  · 部分功能暂时不可用
  · 例如说：返回为卡片暂时不可用
  · 视频暂时只能以文件形式发送
 
 
2.4.4-beta(4) 
 -优化一些细节上的问题
 -兼容 com.tencent.structmsg 哔哩卡片
 -兼容解析卡片消息的自动撤回
  · 命令为#自动撤回卡片
  · 作用是撤回需要解析的卡片消息
 
 
2.3.1-alpha(1)
 -修复QQ短视频卡片解析错误
 -修复哔哩哔哩卡片解析异常
 -修复其他的一些逻辑问题 
 -添加 #返回卡片 功能
  · 由返回消息、视频改为返回卡片
  · 解析成功后仅返回卡片，消息更短
  · 不会因为视频体积大而发送失败
  · 您可以到浏览器下载解析的视频
 
 
2.2.2-beta(8)
 -解锁本该有的解析图集功能
  · 使用方法同解析视频
  · #解析链接+分享纯链接
 
 
2.1.4-alpha(3)
 -修复开启群员权限功能出现报错
  · 一不小心写错了函数名
  · 换了后又忘记改参数了
 -添加 #文字菜单 以文本形式输出菜单
 -更新了几个bug（开个玩笑 busi~
 -遇到遇到问题加群反馈就行
 
 
2.0.1-beta(18)
 -解锁接口所有功能
  · 支持80多个主流短视频去水印
  · 以及其常用图集解析
 -完全重构几乎所有代码
 -由海纳保障您使用本脚本的安全
 -绝对不可能包含损害设备安全代码
 -绝对不可能包含刷赞功能
  
 
1.5.8-alpha(78) 
 - 解析接口由 ludeqi 提供云计算服务
 - 请支持 https://ludeqi.com/ 
 - OpenSource: Apache License Version
 - 部分解析思路来源于食言的解析合集
    · 例如说小世界卡片解析思路
    · 因为是完全重写 所以不存在二改声明
    